[2018-09-10 15:08:38] [DEBUG] GetDir Begin
[2018-09-10 15:08:38] [DEBUG] GetDir End
[2018-09-10 15:08:38] [DEBUG] A:\svn\KDAutoApiTest_be\Project_Folder/Test_cases/new_test\new_model\post\[TEST]222222.py Begin
[2018-09-10 15:08:39] [DEBUG] A:\svn\KDAutoApiTest_be\Project_Folder/Test_cases/new_test\new_model\post\[TEST]222222.py End
[2018-09-10 15:09:34] [DEBUG] GetDir Begin
[2018-09-10 15:09:34] [DEBUG] GetDir End
[2018-09-10 15:09:34] [DEBUG] A:\svn\KDAutoApiTest_be\Project_Folder/Test_cases/new_test/new_model\post\[TEST]222222.py Begin
[2018-09-10 15:09:34] [DEBUG] A:\svn\KDAutoApiTest_be\Project_Folder/Test_cases/new_test/new_model\post\[TEST]222222.py End
[2018-09-10 15:10:34] [DEBUG] GetDir Begin
[2018-09-10 15:10:34] [DEBUG] GetDir End
[2018-09-10 15:10:34] [DEBUG] A:\svn\KDAutoApiTest_be\Project_Folder/Test_cases/new_test/new_model\post\[TEST]222222.py Begin
[2018-09-10 15:10:35] [DEBUG] A:\svn\KDAutoApiTest_be\Project_Folder/Test_cases/new_test/new_model\post\[TEST]222222.py End
[2018-09-10 15:11:37] [DEBUG] GetDir Begin
[2018-09-10 15:11:37] [DEBUG] GetDir End
[2018-09-10 15:11:37] [DEBUG] A:\svn\KDAutoApiTest_be\Project_Folder/Test_cases/new_test/new_model\post\[TEST]222222.py Begin
[2018-09-10 15:11:37] [DEBUG] A:\svn\KDAutoApiTest_be\Project_Folder/Test_cases/new_test/new_model\post\[TEST]222222.py End
[2018-09-10 15:12:27] [DEBUG] GetDir Begin
[2018-09-10 15:12:27] [DEBUG] GetDir End
[2018-09-10 15:12:27] [DEBUG] A:\svn\KDAutoApiTest_be\Project_Folder/Test_cases/new_test/new_model\post\[TEST]222222.py Begin
[2018-09-10 15:12:27] [DEBUG] A:\svn\KDAutoApiTest_be\Project_Folder/Test_cases/new_test/new_model\post\[TEST]222222.py End
[2018-09-10 15:12:47] [DEBUG] GetDir Begin
[2018-09-10 15:12:47] [DEBUG] GetDir End
[2018-09-10 15:12:47] [DEBUG] A:\svn\KDAutoApiTest_be\Project_Folder/Test_cases/new_test/new_model\post\[TEST]222222.py Begin
[2018-09-10 15:12:47] [DEBUG] A:\svn\KDAutoApiTest_be\Project_Folder/Test_cases/new_test/new_model\post\[TEST]222222.py End
[2018-09-10 15:13:18] [DEBUG] GetDir Begin
[2018-09-10 15:13:18] [DEBUG] GetDir End
[2018-09-10 15:13:18] [DEBUG] A:\svn\KDAutoApiTest_be\Project_Folder/Test_cases/new_test/new_model\post\[TEST]222222.py Begin
[2018-09-10 15:13:20] [DEBUG] A:\svn\KDAutoApiTest_be\Project_Folder/Test_cases/new_test/new_model\post\[TEST]222222.py End
[2018-09-10 15:13:33] [DEBUG] GetDir Begin
[2018-09-10 15:13:33] [DEBUG] GetDir End
[2018-09-10 15:13:33] [DEBUG] A:\svn\KDAutoApiTest_be\Project_Folder/Test_cases/new_test/new_model\post\[TEST]222222.py Begin
[2018-09-10 15:13:33] [DEBUG] A:\svn\KDAutoApiTest_be\Project_Folder/Test_cases/new_test/new_model\post\[TEST]222222.py End
[2018-09-10 15:15:25] [DEBUG] GetDir Begin
[2018-09-10 15:15:25] [DEBUG] GetDir End
[2018-09-10 15:15:25] [DEBUG] A:\svn\KDAutoApiTest_be\Project_Folder/Test_cases/new_test/new_model\post\[TEST]222222.py Begin
[2018-09-10 15:15:25] [DEBUG] A:\svn\KDAutoApiTest_be\Project_Folder/Test_cases/new_test/new_model\post\[TEST]222222.py End
[2018-09-10 15:15:55] [DEBUG] GetDir Begin
[2018-09-10 15:15:55] [DEBUG] GetDir End
[2018-09-10 15:15:55] [DEBUG] A:\svn\KDAutoApiTest_be\Project_Folder/Test_cases/new_test/new_model\post\[TEST]222222.py Begin
[2018-09-10 15:15:56] [DEBUG] A:\svn\KDAutoApiTest_be\Project_Folder/Test_cases/new_test/new_model\post\[TEST]222222.py End
[2018-09-10 15:16:08] [DEBUG] GetDir Begin
[2018-09-10 15:16:08] [DEBUG] GetDir End
[2018-09-10 15:16:08] [DEBUG] A:\svn\KDAutoApiTest_be\Project_Folder/Test_cases/new_test/new_model\post\[TEST]222222.py Begin
[2018-09-10 15:16:08] [DEBUG] A:\svn\KDAutoApiTest_be\Project_Folder/Test_cases/new_test/new_model\post\[TEST]222222.py End
[2018-09-10 15:16:15] [DEBUG] GetDir Begin
[2018-09-10 15:16:15] [DEBUG] GetDir End
[2018-09-10 15:16:15] [DEBUG] A:\svn\KDAutoApiTest_be\Project_Folder/Test_cases/new_test/new_model\post\[TEST]222222.py Begin
[2018-09-10 15:16:15] [DEBUG] A:\svn\KDAutoApiTest_be\Project_Folder/Test_cases/new_test/new_model\post\[TEST]222222.py End
[2018-09-10 15:16:30] [DEBUG] GetDir Begin
[2018-09-10 15:16:30] [DEBUG] GetDir End
[2018-09-10 15:16:30] [DEBUG] A:\svn\KDAutoApiTest_be\Project_Folder/Test_cases/new_test/new_model\post\[TEST]222222.py Begin
[2018-09-10 15:16:31] [DEBUG] A:\svn\KDAutoApiTest_be\Project_Folder/Test_cases/new_test/new_model\post\[TEST]222222.py End
[2018-09-10 15:19:46] [DEBUG] GetDir Begin
[2018-09-10 15:19:46] [DEBUG] GetDir End
[2018-09-10 15:19:46] [DEBUG] A:\svn\KDAutoApiTest_be\Project_Folder/Test_cases/new_test/new_model\post\[TEST]222222.py Begin
[2018-09-10 15:19:46] [DEBUG] A:\svn\KDAutoApiTest_be\Project_Folder/Test_cases/new_test/new_model\post\[TEST]222222.py End
[2018-09-10 15:20:19] [DEBUG] GetDir Begin
[2018-09-10 15:20:19] [DEBUG] GetDir End
[2018-09-10 15:20:19] [DEBUG] A:\svn\KDAutoApiTest_be\Project_Folder/Test_cases/new_test/new_model\post\[TEST]222222.py Begin
[2018-09-10 15:20:20] [DEBUG] A:\svn\KDAutoApiTest_be\Project_Folder/Test_cases/new_test/new_model\post\[TEST]222222.py End
[2018-09-10 15:20:43] [DEBUG] GetDir Begin
[2018-09-10 15:20:43] [DEBUG] GetDir End
[2018-09-10 15:20:43] [DEBUG] A:\svn\KDAutoApiTest_be\Project_Folder/Test_cases/new_test/new_model\post\[TEST]222222.py Begin
[2018-09-10 15:20:44] [DEBUG] A:\svn\KDAutoApiTest_be\Project_Folder/Test_cases/new_test/new_model\post\[TEST]222222.py End
[2018-09-10 15:21:05] [DEBUG] GetDir Begin
[2018-09-10 15:21:05] [DEBUG] GetDir End
[2018-09-10 15:21:05] [DEBUG] A:\svn\KDAutoApiTest_be\Project_Folder/Test_cases/new_test/new_model\post\[TEST]222222.py Begin
[2018-09-10 15:21:05] [DEBUG] A:\svn\KDAutoApiTest_be\Project_Folder/Test_cases/new_test/new_model\post\[TEST]222222.py End
[2018-09-10 15:21:13] [DEBUG] GetDir Begin
[2018-09-10 15:21:13] [DEBUG] GetDir End
[2018-09-10 15:21:13] [DEBUG] A:\svn\KDAutoApiTest_be\Project_Folder/Test_cases/new_test/new_model\post\[TEST]222222.py Begin
[2018-09-10 15:21:14] [DEBUG] A:\svn\KDAutoApiTest_be\Project_Folder/Test_cases/new_test/new_model\post\[TEST]222222.py End
[2018-09-10 15:22:38] [DEBUG] GetDir Begin
[2018-09-10 15:22:38] [DEBUG] GetDir End
[2018-09-10 15:22:38] [DEBUG] A:\svn\KDAutoApiTest_be\Project_Folder/Test_cases/new_test/new_model\post\[TEST]222222.py Begin
[2018-09-10 15:22:38] [DEBUG] A:\svn\KDAutoApiTest_be\Project_Folder/Test_cases/new_test/new_model\post\[TEST]222222.py End
[2018-09-10 15:29:40] [DEBUG] GetDir Begin
[2018-09-10 15:29:40] [DEBUG] GetDir End
[2018-09-10 15:29:40] [DEBUG] A:\svn\KDAutoApiTest_be\Project_Folder/Test_cases/new_test/new_model\post\[TEST]222222.py Begin
[2018-09-10 15:29:42] [DEBUG] A:\svn\KDAutoApiTest_be\Project_Folder/Test_cases/new_test/new_model\post\[TEST]222222.py End
[2018-09-10 15:35:06] [DEBUG] GetDir Begin
[2018-09-10 15:35:06] [DEBUG] GetDir End
[2018-09-10 15:35:06] [DEBUG] A:\svn\KDAutoApiTest_be\Project_Folder/Test_cases/new_test/new_model\post\[TEST]222222.py Begin
[2018-09-10 15:35:07] [DEBUG] A:\svn\KDAutoApiTest_be\Project_Folder/Test_cases/new_test/new_model\post\[TEST]222222.py End
[2018-09-10 15:41:33] [DEBUG] GetDir Begin
[2018-09-10 15:41:33] [DEBUG] GetDir End
[2018-09-10 15:41:33] [DEBUG] A:\svn\KDAutoApiTest_be\Project_Folder/Test_cases/new_test/new_model\post\[TEST]222222.py Begin
[2018-09-10 15:41:34] [DEBUG] A:\svn\KDAutoApiTest_be\Project_Folder/Test_cases/new_test/new_model\post\[TEST]222222.py End
[2018-09-10 15:42:20] [DEBUG] GetDir Begin
[2018-09-10 15:42:20] [DEBUG] GetDir End
[2018-09-10 15:42:20] [DEBUG] A:\svn\KDAutoApiTest_be\Project_Folder/Test_cases/new_test/new_model\post\[TEST]222222.py Begin
[2018-09-10 15:42:20] [DEBUG] A:\svn\KDAutoApiTest_be\Project_Folder/Test_cases/new_test/new_model\post\[TEST]222222.py End
[2018-09-10 15:43:08] [DEBUG] GetDir Begin
[2018-09-10 15:43:08] [DEBUG] GetDir End
[2018-09-10 15:43:08] [DEBUG] A:\svn\KDAutoApiTest_be\Project_Folder/Test_cases/new_test/new_model\post\[TEST]222222.py Begin
[2018-09-10 15:43:08] [DEBUG] A:\svn\KDAutoApiTest_be\Project_Folder/Test_cases/new_test/new_model\post\[TEST]222222.py End
[2018-09-10 15:43:10] [DEBUG] GetDir Begin
[2018-09-10 15:43:10] [DEBUG] GetDir End
[2018-09-10 15:43:10] [DEBUG] A:\svn\KDAutoApiTest_be\Project_Folder/Test_cases/new_test/new_model\post\[TEST]222222.py Begin
[2018-09-10 15:43:11] [DEBUG] A:\svn\KDAutoApiTest_be\Project_Folder/Test_cases/new_test/new_model\post\[TEST]222222.py End
[2018-09-10 15:43:19] [DEBUG] GetDir Begin
[2018-09-10 15:43:19] [DEBUG] GetDir End
[2018-09-10 15:43:19] [DEBUG] A:\svn\KDAutoApiTest_be\Project_Folder/Test_cases/new_test/new_model\post\[TEST]222222.py Begin
[2018-09-10 15:43:20] [DEBUG] A:\svn\KDAutoApiTest_be\Project_Folder/Test_cases/new_test/new_model\post\[TEST]222222.py End
[2018-09-10 15:43:27] [DEBUG] GetDir Begin
[2018-09-10 15:43:27] [DEBUG] GetDir End
[2018-09-10 15:43:27] [DEBUG] A:\svn\KDAutoApiTest_be\Project_Folder/Test_cases/new_test/new_model\post\[TEST]222222.py Begin
[2018-09-10 15:43:28] [DEBUG] A:\svn\KDAutoApiTest_be\Project_Folder/Test_cases/new_test/new_model\post\[TEST]222222.py End
[2018-09-10 15:43:34] [DEBUG] GetDir Begin
[2018-09-10 15:43:34] [DEBUG] GetDir End
[2018-09-10 15:43:34] [DEBUG] A:\svn\KDAutoApiTest_be\Project_Folder/Test_cases/new_test/new_model\post\[TEST]222222.py Begin
[2018-09-10 15:43:34] [DEBUG] A:\svn\KDAutoApiTest_be\Project_Folder/Test_cases/new_test/new_model\post\[TEST]222222.py End
[2018-09-10 15:43:41] [DEBUG] GetDir Begin
[2018-09-10 15:43:41] [DEBUG] GetDir End
[2018-09-10 15:43:41] [DEBUG] A:\svn\KDAutoApiTest_be\Project_Folder/Test_cases/new_test/new_model\post\[TEST]222222.py Begin
[2018-09-10 15:43:42] [DEBUG] A:\svn\KDAutoApiTest_be\Project_Folder/Test_cases/new_test/new_model\post\[TEST]222222.py End
[2018-09-10 15:44:38] [DEBUG] GetDir Begin
[2018-09-10 15:44:38] [DEBUG] GetDir End
[2018-09-10 15:44:38] [DEBUG] A:\svn\KDAutoApiTest_be\Project_Folder/Test_cases/new_test/new_model\post\[TEST]222222.py Begin
[2018-09-10 15:44:38] [DEBUG] GetDir Begin
[2018-09-10 15:44:38] [DEBUG] GetDir End
[2018-09-10 15:44:38] [DEBUG] A:\svn\KDAutoApiTest_be\Project_Folder/Test_cases/new_test/new_model\post\[TEST]222222.py Begin
[2018-09-10 15:44:39] [DEBUG] A:\svn\KDAutoApiTest_be\Project_Folder/Test_cases/new_test/new_model\post\[TEST]222222.py End
[2018-09-10 15:44:57] [DEBUG] GetDir Begin
[2018-09-10 15:44:57] [DEBUG] GetDir End
[2018-09-10 15:44:57] [DEBUG] A:\svn\KDAutoApiTest_be\Project_Folder/Test_cases/new_test/new_model\post\[TEST]222222.py Begin
[2018-09-10 15:44:58] [DEBUG] A:\svn\KDAutoApiTest_be\Project_Folder/Test_cases/new_test/new_model\post\[TEST]222222.py End
[2018-09-10 15:45:29] [DEBUG] GetDir Begin
[2018-09-10 15:45:29] [DEBUG] GetDir End
[2018-09-10 15:45:29] [DEBUG] A:\svn\KDAutoApiTest_be\Project_Folder/Test_cases/new_test/new_model\post\[TEST]222222.py Begin
[2018-09-10 15:45:29] [DEBUG] A:\svn\KDAutoApiTest_be\Project_Folder/Test_cases/new_test/new_model\post\[TEST]222222.py End
[2018-09-10 15:56:30] [DEBUG] GetDir Begin
[2018-09-10 15:56:30] [DEBUG] GetDir End
[2018-09-10 15:56:30] [DEBUG] A:\svn\KDAutoApiTest_be\Project_Folder/Test_cases/new_test/new_model\post\[TEST]222222.py Begin
[2018-09-10 15:56:31] [DEBUG] A:\svn\KDAutoApiTest_be\Project_Folder/Test_cases/new_test/new_model\post\[TEST]222222.py End
[2018-09-10 15:56:39] [DEBUG] GetDir Begin
[2018-09-10 15:56:39] [DEBUG] GetDir End
[2018-09-10 15:56:39] [DEBUG] A:\svn\KDAutoApiTest_be\Project_Folder/Test_cases/new_test/new_model\post\[TEST]222222.py Begin
[2018-09-10 15:56:39] [DEBUG] A:\svn\KDAutoApiTest_be\Project_Folder/Test_cases/new_test/new_model\post\[TEST]222222.py End
[2018-09-10 15:58:51] [DEBUG] GetDir Begin
[2018-09-10 15:58:51] [DEBUG] GetDir End
[2018-09-10 15:58:51] [DEBUG] A:\svn\KDAutoApiTest_be\Project_Folder/Test_cases/new_test/new_model\post\[TEST]222222.py Begin
[2018-09-10 15:58:52] [DEBUG] A:\svn\KDAutoApiTest_be\Project_Folder/Test_cases/new_test/new_model\post\[TEST]222222.py End
[2018-09-10 15:59:37] [DEBUG] GetDir Begin
[2018-09-10 15:59:37] [DEBUG] GetDir End
[2018-09-10 15:59:37] [DEBUG] A:\svn\KDAutoApiTest_be\Project_Folder/Test_cases/new_test/new_model\post\[TEST]222222.py Begin
[2018-09-10 15:59:37] [DEBUG] A:\svn\KDAutoApiTest_be\Project_Folder/Test_cases/new_test/new_model\post\[TEST]222222.py End
